mode: set
Golang-Rest-API/product/services/product/product.go:13.55,17.2 1 1
Golang-Rest-API/product/services/product/product.go:19.53,35.2 2 1
Golang-Rest-API/product/services/product/product.go:37.72,39.2 1 0
Golang-Rest-API/product/services/product/product.go:41.62,43.2 1 0
Golang-Rest-API/product/services/product/product.go:45.81,47.16 2 0
Golang-Rest-API/product/services/product/product.go:47.16,49.3 1 0
Golang-Rest-API/product/services/product/product.go:50.2,50.44 1 0
Golang-Rest-API/product/services/product/product.go:53.57,55.16 2 0
Golang-Rest-API/product/services/product/product.go:55.16,57.3 1 0
Golang-Rest-API/product/services/product/product.go:58.2,58.35 1 0
